
*** Running vivado
    with args -log board_interface.vds -m64 -product Vivado -mode batch -messageDb vivado.pb -notrace -source board_interface.tcl



****** Vivado v2022.2 (64-bit)
  **** SW Build 3671981 on Fri Oct 14 05:00:03 MDT 2022
  **** IP Build 3669848 on Fri Oct 14 08:30:02 MDT 2022
    ** Copyright 1986-2022 Xilinx, Inc. All Rights Reserved.

source board_interface.tcl -notrace
create_project: Time (s): cpu = 00:00:05 ; elapsed = 00:00:06 . Memory (MB): peak = 394.406 ; gain = 74.031
Command: read_checkpoint -auto_incremental -incremental {C:/Users/kirte/App Software/Vivado Projects/CORDIC/Cordic sine/Cordic sine.srcs/utils_1/imports/synth_1/board_interface.dcp}
INFO: [Vivado 12-5825] Read reference checkpoint from C:/Users/kirte/App Software/Vivado Projects/CORDIC/Cordic sine/Cordic sine.srcs/utils_1/imports/synth_1/board_interface.dcp for incremental synthesis
INFO: [Vivado 12-7989] Please ensure there are no constraint changes
Command: synth_design -top board_interface -part xc7a35tcpg236-1
Starting synth_design
Attempting to get a license for feature 'Synthesis' and/or device 'xc7a35t'
INFO: [Common 17-349] Got license for feature 'Synthesis' and/or device 'xc7a35t'
INFO: [Device 21-403] Loading part xc7a35tcpg236-1
INFO: [Designutils 20-5440] No compile time benefit to using incremental synthesis; A full resynthesis will be run
INFO: [Designutils 20-4379] Flow is switching to default flow due to incremental criteria not met. If you would like to alter this behaviour and have the flow terminate instead, please set the following parameter config_implementation {autoIncr.Synth.RejectBehavior Terminate}
INFO: [Synth 8-7079] Multithreading enabled for synth_design using a maximum of 2 processes.
INFO: [Synth 8-7078] Launching helper process for spawning children vivado processes
INFO: [Synth 8-7075] Helper process launched with PID 17928
INFO: [Synth 8-11241] undeclared symbol 'REGCCE', assumed default net type 'wire' [C:/Xilinx/Vivado/2022.2/data/verilog/src/unimacro/BRAM_SINGLE_MACRO.v:2170]
---------------------------------------------------------------------------------
Starting RTL Elaboration : Time (s): cpu = 00:00:06 ; elapsed = 00:00:09 . Memory (MB): peak = 1205.434 ; gain = 407.539
---------------------------------------------------------------------------------
INFO: [Synth 8-6157] synthesizing module 'board_interface' [C:/Users/kirte/App Software/Vivado Projects/CORDIC/Cordic sine/Cordic sine.srcs/sources_1/new/board_interface.v:23]
INFO: [Synth 8-6157] synthesizing module 'sine_wave_gen' [C:/Users/kirte/App Software/Vivado Projects/CORDIC/Cordic sine/Cordic sine.srcs/sources_1/new/sine_wave_gen.v:23]
INFO: [Synth 8-6157] synthesizing module 'sine' [C:/Users/kirte/App Software/Vivado Projects/CORDIC/Cordic sine/Cordic sine.srcs/sources_1/new/sine.v:23]
INFO: [Synth 8-6155] done synthesizing module 'sine' (0#1) [C:/Users/kirte/App Software/Vivado Projects/CORDIC/Cordic sine/Cordic sine.srcs/sources_1/new/sine.v:23]
INFO: [Synth 8-6157] synthesizing module 'sine_gen' [C:/Users/kirte/App Software/Vivado Projects/CORDIC/Cordic sine/Cordic sine.srcs/sources_1/new/sine_gen.v:23]
INFO: [Synth 8-6155] done synthesizing module 'sine_gen' (0#1) [C:/Users/kirte/App Software/Vivado Projects/CORDIC/Cordic sine/Cordic sine.srcs/sources_1/new/sine_gen.v:23]
WARNING: [Synth 8-689] width (8) of port connection 'Xout' does not match port width (9) of module 'sine_gen' [C:/Users/kirte/App Software/Vivado Projects/CORDIC/Cordic sine/Cordic sine.srcs/sources_1/new/sine_wave_gen.v:35]
WARNING: [Synth 8-689] width (8) of port connection 'Yout' does not match port width (9) of module 'sine_gen' [C:/Users/kirte/App Software/Vivado Projects/CORDIC/Cordic sine/Cordic sine.srcs/sources_1/new/sine_wave_gen.v:35]
INFO: [Synth 8-6155] done synthesizing module 'sine_wave_gen' (0#1) [C:/Users/kirte/App Software/Vivado Projects/CORDIC/Cordic sine/Cordic sine.srcs/sources_1/new/sine_wave_gen.v:23]
INFO: [Synth 8-6157] synthesizing module 'interface_dac' [C:/Users/kirte/App Software/Vivado Projects/CORDIC/Cordic sine/Cordic sine.srcs/sources_1/new/interface_dac.v:23]
INFO: [Synth 8-6155] done synthesizing module 'interface_dac' (0#1) [C:/Users/kirte/App Software/Vivado Projects/CORDIC/Cordic sine/Cordic sine.srcs/sources_1/new/interface_dac.v:23]
INFO: [Synth 8-6157] synthesizing module 'pmod_dac' [C:/Users/kirte/App Software/Vivado Projects/CORDIC/Cordic sine/Cordic sine.srcs/sources_1/new/pmod_dac.v:23]
INFO: [Synth 8-6155] done synthesizing module 'pmod_dac' (0#1) [C:/Users/kirte/App Software/Vivado Projects/CORDIC/Cordic sine/Cordic sine.srcs/sources_1/new/pmod_dac.v:23]
INFO: [Synth 8-6155] done synthesizing module 'board_interface' (0#1) [C:/Users/kirte/App Software/Vivado Projects/CORDIC/Cordic sine/Cordic sine.srcs/sources_1/new/board_interface.v:23]
WARNING: [Synth 8-6014] Unused sequential element XYZ[6].Z_reg[7] was removed.  [C:/Users/kirte/App Software/Vivado Projects/CORDIC/Cordic sine/Cordic sine.srcs/sources_1/new/sine_gen.v:212]
---------------------------------------------------------------------------------
Finished RTL Elaboration : Time (s): cpu = 00:00:08 ; elapsed = 00:00:13 . Memory (MB): peak = 1302.465 ; gain = 504.570
---------------------------------------------------------------------------------
---------------------------------------------------------------------------------
Start Handling Custom Attributes
---------------------------------------------------------------------------------
---------------------------------------------------------------------------------
Finished Handling Custom Attributes : Time (s): cpu = 00:00:08 ; elapsed = 00:00:14 . Memory (MB): peak = 1302.465 ; gain = 504.570
---------------------------------------------------------------------------------
---------------------------------------------------------------------------------
Finished RTL Optimization Phase 1 : Time (s): cpu = 00:00:08 ; elapsed = 00:00:14 . Memory (MB): peak = 1302.465 ; gain = 504.570
---------------------------------------------------------------------------------
Netlist sorting complete. Time (s): cpu = 00:00:00 ; elapsed = 00:00:00.020 . Memory (MB): peak = 1302.465 ; gain = 0.000
INFO: [Project 1-570] Preparing netlist for logic optimization

Processing XDC Constraints
Initializing timing engine
Parsing XDC File [C:/Users/kirte/App Software/Vivado Projects/CORDIC/Cordic sine/Cordic sine.srcs/constrs_1/new/constraints.xdc]
Finished Parsing XDC File [C:/Users/kirte/App Software/Vivado Projects/CORDIC/Cordic sine/Cordic sine.srcs/constrs_1/new/constraints.xdc]
INFO: [Project 1-236] Implementation specific constraints were found while reading constraint file [C:/Users/kirte/App Software/Vivado Projects/CORDIC/Cordic sine/Cordic sine.srcs/constrs_1/new/constraints.xdc]. These constraints will be ignored for synthesis but will be used in implementation. Impacted constraints are listed in the file [.Xil/board_interface_propImpl.xdc].
Resolution: To avoid this warning, move constraints listed in [.Xil/board_interface_propImpl.xdc] to another XDC file and exclude this new file from synthesis with the used_in_synthesis property (File Properties dialog in GUI) and re-run elaboration/synthesis.
Completed Processing XDC Constraints

Netlist sorting complete. Time (s): cpu = 00:00:00 ; elapsed = 00:00:00.001 . Memory (MB): peak = 1413.031 ; gain = 0.000
INFO: [Project 1-111] Unisim Transformation Summary:
No Unisim elements were transformed.

Constraint Validation Runtime : Time (s): cpu = 00:00:00 ; elapsed = 00:00:00.013 . Memory (MB): peak = 1413.031 ; gain = 0.000
INFO: [Designutils 20-5440] No compile time benefit to using incremental synthesis; A full resynthesis will be run
INFO: [Designutils 20-4379] Flow is switching to default flow due to incremental criteria not met. If you would like to alter this behaviour and have the flow terminate instead, please set the following parameter config_implementation {autoIncr.Synth.RejectBehavior Terminate}
INFO: [Synth 8-11241] undeclared symbol 'REGCCE', assumed default net type 'wire' [C:/Xilinx/Vivado/2022.2/data/verilog/src/unimacro/BRAM_SINGLE_MACRO.v:2170]
---------------------------------------------------------------------------------
Finished Constraint Validation : Time (s): cpu = 00:00:16 ; elapsed = 00:00:27 . Memory (MB): peak = 1413.031 ; gain = 615.137
---------------------------------------------------------------------------------
---------------------------------------------------------------------------------
Start Loading Part and Timing Information
---------------------------------------------------------------------------------
Loading part: xc7a35tcpg236-1
---------------------------------------------------------------------------------
Finished Loading Part and Timing Information : Time (s): cpu = 00:00:16 ; elapsed = 00:00:27 . Memory (MB): peak = 1413.031 ; gain = 615.137
---------------------------------------------------------------------------------
---------------------------------------------------------------------------------
Start Applying 'set_property' XDC Constraints
---------------------------------------------------------------------------------
---------------------------------------------------------------------------------
Finished applying 'set_property' XDC Constraints : Time (s): cpu = 00:00:16 ; elapsed = 00:00:27 . Memory (MB): peak = 1413.031 ; gain = 615.137
---------------------------------------------------------------------------------
---------------------------------------------------------------------------------
Finished RTL Optimization Phase 2 : Time (s): cpu = 00:00:17 ; elapsed = 00:00:28 . Memory (MB): peak = 1413.031 ; gain = 615.137
---------------------------------------------------------------------------------
---------------------------------------------------------------------------------
Start RTL Component Statistics 
---------------------------------------------------------------------------------
Detailed RTL Component Info : 
+---Adders : 
	   2 Input   32 Bit       Adders := 7     
	   2 Input    9 Bit       Adders := 5     
	   3 Input    9 Bit       Adders := 14    
	   2 Input    7 Bit       Adders := 2     
+---Registers : 
	               32 Bit    Registers := 8     
	               16 Bit    Registers := 4     
	               15 Bit    Registers := 1     
	                9 Bit    Registers := 18    
	                7 Bit    Registers := 2     
	                1 Bit    Registers := 5     
+---Muxes : 
	   3 Input   32 Bit        Muxes := 1     
	   2 Input   31 Bit        Muxes := 1     
	   2 Input   30 Bit        Muxes := 1     
	   2 Input   29 Bit        Muxes := 1     
	   2 Input   28 Bit        Muxes := 1     
	   2 Input   27 Bit        Muxes := 1     
	   2 Input   26 Bit        Muxes := 1     
	   3 Input    9 Bit        Muxes := 2     
	   2 Input    9 Bit        Muxes := 14    
	   4 Input    4 Bit        Muxes := 2     
	   2 Input    1 Bit        Muxes := 7     
---------------------------------------------------------------------------------
Finished RTL Component Statistics 
---------------------------------------------------------------------------------
---------------------------------------------------------------------------------
Start Part Resource Summary
---------------------------------------------------------------------------------
Part Resources:
DSPs: 90 (col length:60)
BRAMs: 100 (col length: RAMB18 60 RAMB36 30)
---------------------------------------------------------------------------------
Finished Part Resource Summary
---------------------------------------------------------------------------------
---------------------------------------------------------------------------------
Start Cross Boundary and Area Optimization
---------------------------------------------------------------------------------
WARNING: [Synth 8-7080] Parallel synthesis criteria is not met
WARNING: [Synth 8-3936] Found unconnected internal register 'S0/S2/Yout_reg' and it is trimmed from '9' to '8' bits. [C:/Users/kirte/App Software/Vivado Projects/CORDIC/Cordic sine/Cordic sine.srcs/sources_1/new/sine_gen.v:229]
WARNING: [Synth 8-3936] Found unconnected internal register 'S0/S2/XYZ[6].Y_reg[7]' and it is trimmed from '9' to '8' bits. [C:/Users/kirte/App Software/Vivado Projects/CORDIC/Cordic sine/Cordic sine.srcs/sources_1/new/sine_gen.v:209]
WARNING: [Synth 8-3936] Found unconnected internal register 'S0/S2/Xout_reg' and it is trimmed from '9' to '8' bits. [C:/Users/kirte/App Software/Vivado Projects/CORDIC/Cordic sine/Cordic sine.srcs/sources_1/new/sine_gen.v:228]
WARNING: [Synth 8-3936] Found unconnected internal register 'S0/S2/XYZ[6].X_reg[7]' and it is trimmed from '9' to '8' bits. [C:/Users/kirte/App Software/Vivado Projects/CORDIC/Cordic sine/Cordic sine.srcs/sources_1/new/sine_gen.v:208]
DSP Report: Generating DSP S0/S1/angle_reg, operation Mode is: P+A*(B:0x1ae).
DSP Report: register S0/S1/angle_reg is absorbed into DSP S0/S1/angle_reg.
DSP Report: operator S0/S1/angle0 is absorbed into DSP S0/S1/angle_reg.
DSP Report: operator S0/S1/angle1 is absorbed into DSP S0/S1/angle_reg.
---------------------------------------------------------------------------------
Finished Cross Boundary and Area Optimization : Time (s): cpu = 00:00:21 ; elapsed = 00:00:34 . Memory (MB): peak = 1413.031 ; gain = 615.137
---------------------------------------------------------------------------------
---------------------------------------------------------------------------------
Start ROM, RAM, DSP, Shift Register and Retiming Reporting
---------------------------------------------------------------------------------

DSP: Preliminary Mapping Report (see note below. The ' indicates corresponding REG is set)
+------------+---------------+--------+--------+--------+--------+--------+------+------+------+------+-------+------+------+
|Module Name | DSP Mapping   | A Size | B Size | C Size | D Size | P Size | AREG | BREG | CREG | DREG | ADREG | MREG | PREG | 
+------------+---------------+--------+--------+--------+--------+--------+------+------+------+------+-------+------+------+
|sine        | P+A*(B:0x1ae) | 15     | 9      | -      | -      | 32     | 0    | 0    | -    | -    | -     | 0    | 1    | 
+------------+---------------+--------+--------+--------+--------+--------+------+------+------+------+-------+------+------+

Note: The table above is a preliminary report that shows the DSPs inferred at the current stage of the synthesis flow. Some DSP may be reimplemented as non DSP primitives later in the synthesis flow. Multiple instantiated DSPs are reported only once.
---------------------------------------------------------------------------------
Finished ROM, RAM, DSP, Shift Register and Retiming Reporting
---------------------------------------------------------------------------------
---------------------------------------------------------------------------------
Start Applying XDC Timing Constraints
---------------------------------------------------------------------------------
---------------------------------------------------------------------------------
Finished Applying XDC Timing Constraints : Time (s): cpu = 00:00:31 ; elapsed = 00:00:49 . Memory (MB): peak = 1413.031 ; gain = 615.137
---------------------------------------------------------------------------------
---------------------------------------------------------------------------------
Start Timing Optimization
---------------------------------------------------------------------------------
---------------------------------------------------------------------------------
Finished Timing Optimization : Time (s): cpu = 00:00:32 ; elapsed = 00:00:51 . Memory (MB): peak = 1413.031 ; gain = 615.137
---------------------------------------------------------------------------------
---------------------------------------------------------------------------------
Start Technology Mapping
---------------------------------------------------------------------------------
---------------------------------------------------------------------------------
Finished Technology Mapping : Time (s): cpu = 00:00:32 ; elapsed = 00:00:51 . Memory (MB): peak = 1413.031 ; gain = 615.137
---------------------------------------------------------------------------------
---------------------------------------------------------------------------------
Start IO Insertion
---------------------------------------------------------------------------------
---------------------------------------------------------------------------------
Start Flattening Before IO Insertion
---------------------------------------------------------------------------------
---------------------------------------------------------------------------------
Finished Flattening Before IO Insertion
---------------------------------------------------------------------------------
---------------------------------------------------------------------------------
Start Final Netlist Cleanup
---------------------------------------------------------------------------------
---------------------------------------------------------------------------------
Finished Final Netlist Cleanup
---------------------------------------------------------------------------------
---------------------------------------------------------------------------------
Finished IO Insertion : Time (s): cpu = 00:00:38 ; elapsed = 00:01:01 . Memory (MB): peak = 1413.031 ; gain = 615.137
---------------------------------------------------------------------------------
---------------------------------------------------------------------------------
Start Renaming Generated Instances
---------------------------------------------------------------------------------
---------------------------------------------------------------------------------
Finished Renaming Generated Instances : Time (s): cpu = 00:00:38 ; elapsed = 00:01:01 . Memory (MB): peak = 1413.031 ; gain = 615.137
---------------------------------------------------------------------------------
---------------------------------------------------------------------------------
Start Rebuilding User Hierarchy
---------------------------------------------------------------------------------
---------------------------------------------------------------------------------
Finished Rebuilding User Hierarchy : Time (s): cpu = 00:00:38 ; elapsed = 00:01:01 . Memory (MB): peak = 1413.031 ; gain = 615.137
---------------------------------------------------------------------------------
---------------------------------------------------------------------------------
Start Renaming Generated Ports
---------------------------------------------------------------------------------
---------------------------------------------------------------------------------
Finished Renaming Generated Ports : Time (s): cpu = 00:00:38 ; elapsed = 00:01:01 . Memory (MB): peak = 1413.031 ; gain = 615.137
---------------------------------------------------------------------------------
---------------------------------------------------------------------------------
Start Handling Custom Attributes
---------------------------------------------------------------------------------
---------------------------------------------------------------------------------
Finished Handling Custom Attributes : Time (s): cpu = 00:00:38 ; elapsed = 00:01:01 . Memory (MB): peak = 1413.031 ; gain = 615.137
---------------------------------------------------------------------------------
---------------------------------------------------------------------------------
Start Renaming Generated Nets
---------------------------------------------------------------------------------
---------------------------------------------------------------------------------
Finished Renaming Generated Nets : Time (s): cpu = 00:00:38 ; elapsed = 00:01:01 . Memory (MB): peak = 1413.031 ; gain = 615.137
---------------------------------------------------------------------------------
---------------------------------------------------------------------------------
Start Writing Synthesis Report
---------------------------------------------------------------------------------

DSP Final Report (the ' indicates corresponding REG is set)
+------------+-------------+--------+--------+--------+--------+--------+------+------+------+------+-------+------+------+
|Module Name | DSP Mapping | A Size | B Size | C Size | D Size | P Size | AREG | BREG | CREG | DREG | ADREG | MREG | PREG | 
+------------+-------------+--------+--------+--------+--------+--------+------+------+------+------+-------+------+------+
|sine        | (P+A*B)'    | 15     | 9      | -      | -      | 32     | 0    | 0    | -    | -    | -     | 0    | 1    | 
+------------+-------------+--------+--------+--------+--------+--------+------+------+------+------+-------+------+------+


Report BlackBoxes: 
+-+--------------+----------+
| |BlackBox name |Instances |
+-+--------------+----------+
+-+--------------+----------+

Report Cell Usage: 
+------+--------+------+
|      |Cell    |Count |
+------+--------+------+
|1     |BUFG    |     1|
|2     |CARRY4  |   121|
|3     |DSP48E1 |     1|
|4     |LUT1    |    75|
|5     |LUT2    |   226|
|6     |LUT3    |   149|
|7     |LUT4    |    54|
|8     |LUT5    |    26|
|9     |LUT6    |    43|
|10    |FDCE    |    35|
|11    |FDRE    |   419|
|12    |IBUF    |    17|
|13    |OBUF    |    15|
+------+--------+------+
---------------------------------------------------------------------------------
Finished Writing Synthesis Report : Time (s): cpu = 00:00:38 ; elapsed = 00:01:01 . Memory (MB): peak = 1413.031 ; gain = 615.137
---------------------------------------------------------------------------------
Synthesis finished with 0 errors, 0 critical warnings and 5 warnings.
Synthesis Optimization Runtime : Time (s): cpu = 00:00:28 ; elapsed = 00:00:57 . Memory (MB): peak = 1413.031 ; gain = 504.570
Synthesis Optimization Complete : Time (s): cpu = 00:00:38 ; elapsed = 00:01:01 . Memory (MB): peak = 1413.031 ; gain = 615.137
INFO: [Project 1-571] Translating synthesized netlist
Netlist sorting complete. Time (s): cpu = 00:00:00 ; elapsed = 00:00:00.015 . Memory (MB): peak = 1413.031 ; gain = 0.000
INFO: [Netlist 29-17] Analyzing 122 Unisim elements for replacement
INFO: [Netlist 29-28] Unisim Transformation completed in 0 CPU seconds
INFO: [Project 1-570] Preparing netlist for logic optimization
INFO: [Opt 31-138] Pushed 0 inverter(s) to 0 load pin(s).
Netlist sorting complete. Time (s): cpu = 00:00:00 ; elapsed = 00:00:00 . Memory (MB): peak = 1413.031 ; gain = 0.000
INFO: [Project 1-111] Unisim Transformation Summary:
No Unisim elements were transformed.

Synth Design complete, checksum: e3cbc804
INFO: [Common 17-83] Releasing license: Synthesis
35 Infos, 8 Warnings, 0 Critical Warnings and 0 Errors encountered.
synth_design completed successfully
synth_design: Time (s): cpu = 00:00:42 ; elapsed = 00:01:12 . Memory (MB): peak = 1413.031 ; gain = 993.742
INFO: [Common 17-1381] The checkpoint 'C:/Users/kirte/App Software/Vivado Projects/CORDIC/Cordic sine/Cordic sine.runs/synth_1/board_interface.dcp' has been generated.
INFO: [runtcl-4] Executing : report_utilization -file board_interface_utilization_synth.rpt -pb board_interface_utilization_synth.pb
INFO: [Common 17-206] Exiting Vivado at Mon May  1 21:20:41 2023...
